The system is: Linux - 4.1.13-100.fc21.x86_64 - x86_64
Compiling the C compiler identification source file "CMakeCCompilerId.c" succeeded.
Compiler: /bin/cc 
Build flags: 
Id flags: 

The output was:
0


Compilation of the C compiler identification source "CMakeCCompilerId.c" produced "a.out"

The C compiler identification is GNU, found in "/home/space/Projects/KnotDisentangler2/build/CMakeFiles/3.0.2/CompilerIdC/a.out"

Compiling the CXX compiler identification source file "CMakeCXXCompilerId.cpp" succeeded.
Compiler: /bin/c++ 
Build flags: 
Id flags: 

The output was:
0


Compilation of the CXX compiler identification source "CMakeCXXCompilerId.cpp" produced "a.out"

The CXX compiler identification is GNU, found in "/home/space/Projects/KnotDisentangler2/build/CMakeFiles/3.0.2/CompilerIdCXX/a.out"

Determining if the C compiler works passed with the following output:
Change Dir: /home/space/Projects/KnotDisentangler2/build/CMakeFiles/CMakeTmp

Run Build Command:"/bin/gmake" "cmTryCompileExec2141917213/fast"
/bin/gmake -f CMakeFiles/cmTryCompileExec2141917213.dir/build.make CMakeFiles/cmTryCompileExec2141917213.dir/build
gmake[1]: Entering directory '/home/space/Projects/KnotDisentangler2/build/CMakeFiles/CMakeTmp'
/usr/bin/cmake -E cmake_progress_report /home/space/Projects/KnotDisentangler2/build/CMakeFiles/CMakeTmp/CMakeFiles 1
Building C object CMakeFiles/cmTryCompileExec2141917213.dir/testCCompiler.c.o
/bin/cc    -o CMakeFiles/cmTryCompileExec2141917213.dir/testCCompiler.c.o   -c /home/space/Projects/KnotDisentangler2/build/CMakeFiles/CMakeTmp/testCCompiler.c
Linking C executable cmTryCompileExec2141917213
/usr/bin/cmake -E cmake_link_script CMakeFiles/cmTryCompileExec2141917213.dir/link.txt --verbose=1
/bin/cc       CMakeFiles/cmTryCompileExec2141917213.dir/testCCompiler.c.o  -o cmTryCompileExec2141917213 -rdynamic 
gmake[1]: Leaving directory '/home/space/Projects/KnotDisentangler2/build/CMakeFiles/CMakeTmp'


Detecting C compiler ABI info compiled with the following output:
Change Dir: /home/space/Projects/KnotDisentangler2/build/CMakeFiles/CMakeTmp

Run Build Command:"/bin/gmake" "cmTryCompileExec165027711/fast"
/bin/gmake -f CMakeFiles/cmTryCompileExec165027711.dir/build.make CMakeFiles/cmTryCompileExec165027711.dir/build
gmake[1]: Entering directory '/home/space/Projects/KnotDisentangler2/build/CMakeFiles/CMakeTmp'
/usr/bin/cmake -E cmake_progress_report /home/space/Projects/KnotDisentangler2/build/CMakeFiles/CMakeTmp/CMakeFiles 1
Building C object CMakeFiles/cmTryCompileExec165027711.dir/CMakeCCompilerABI.c.o
/bin/cc    -o CMakeFiles/cmTryCompileExec165027711.dir/CMakeCCompilerABI.c.o   -c /usr/share/cmake/Modules/CMakeCCompilerABI.c
Linking C executable cmTryCompileExec165027711
/usr/bin/cmake -E cmake_link_script CMakeFiles/cmTryCompileExec165027711.dir/link.txt --verbose=1
/bin/cc     -v CMakeFiles/cmTryCompileExec165027711.dir/CMakeCCompilerABI.c.o  -o cmTryCompileExec165027711 -rdynamic  
Using built-in specs.
COLLECT_GCC=/bin/cc
COLLECT_LTO_WRAPPER=/usr/libexec/gcc/x86_64-redhat-linux/4.9.2/lto-wrapper
Target: x86_64-redhat-linux
Configured with: ../configure --prefix=/usr --mandir=/usr/share/man --infodir=/usr/share/info --with-bugurl=http://bugzilla.redhat.com/bugzilla --enable-bootstrap --enable-shared --enable-threads=posix --enable-checking=release --enable-multilib --with-system-zlib --enable-__cxa_atexit --disable-libunwind-exceptions --enable-gnu-unique-object --enable-linker-build-id --with-linker-hash-style=gnu --enable-languages=c,c++,objc,obj-c++,fortran,ada,go,lto --enable-plugin --enable-initfini-array --disable-libgcj --with-isl=/builddir/build/BUILD/gcc-4.9.2-20150212/obj-x86_64-redhat-linux/isl-install --with-cloog=/builddir/build/BUILD/gcc-4.9.2-20150212/obj-x86_64-redhat-linux/cloog-install --enable-gnu-indirect-function --with-tune=generic --with-arch_32=i686 --build=x86_64-redhat-linux
Thread model: posix
gcc version 4.9.2 20150212 (Red Hat 4.9.2-6) (GCC) 
COMPILER_PATH=/usr/libexec/gcc/x86_64-redhat-linux/4.9.2/:/usr/libexec/gcc/x86_64-redhat-linux/4.9.2/:/usr/libexec/gcc/x86_64-redhat-linux/:/usr/lib/gcc/x86_64-redhat-linux/4.9.2/:/usr/lib/gcc/x86_64-redhat-linux/
LIBRARY_PATH=/usr/lib/gcc/x86_64-redhat-linux/4.9.2/:/usr/lib/gcc/x86_64-redhat-linux/4.9.2/../../../../lib64/:/lib/../lib64/:/usr/lib/../lib64/:/usr/lib/gcc/x86_64-redhat-linux/4.9.2/../../../:/lib/:/usr/lib/
COLLECT_GCC_OPTIONS='-v' '-o' 'cmTryCompileExec165027711' '-rdynamic' '-mtune=generic' '-march=x86-64'
 /usr/libexec/gcc/x86_64-redhat-linux/4.9.2/collect2 -plugin /usr/libexec/gcc/x86_64-redhat-linux/4.9.2/liblto_plugin.so -plugin-opt=/usr/libexec/gcc/x86_64-redhat-linux/4.9.2/lto-wrapper -plugin-opt=-fresolution=/tmp/ccXzAVsM.res -plugin-opt=-pass-through=-lgcc -plugin-opt=-pass-through=-lgcc_s -plugin-opt=-pass-through=-lc -plugin-opt=-pass-through=-lgcc -plugin-opt=-pass-through=-lgcc_s --build-id --no-add-needed --eh-frame-hdr --hash-style=gnu -m elf_x86_64 -export-dynamic -dynamic-linker /lib64/ld-linux-x86-64.so.2 -o cmTryCompileExec165027711 /usr/lib/gcc/x86_64-redhat-linux/4.9.2/../../../../lib64/crt1.o /usr/lib/gcc/x86_64-redhat-linux/4.9.2/../../../../lib64/crti.o /usr/lib/gcc/x86_64-redhat-linux/4.9.2/crtbegin.o -L/usr/lib/gcc/x86_64-redhat-linux/4.9.2 -L/usr/lib/gcc/x86_64-redhat-linux/4.9.2/../../../../lib64 -L/lib/../lib64 -L/usr/lib/../lib64 -L/usr/lib/gcc/x86_64-redhat-linux/4.9.2/../../.. CMakeFiles/cmTryCompileExec165027711.dir/CMakeCCompilerABI.c.o -lgcc --as-needed -lgcc_s --no-as-needed -lc -lgcc --as-needed -lgcc_s --no-as-needed /usr/lib/gcc/x86_64-redhat-linux/4.9.2/crtend.o /usr/lib/gcc/x86_64-redhat-linux/4.9.2/../../../../lib64/crtn.o
gmake[1]: Leaving directory '/home/space/Projects/KnotDisentangler2/build/CMakeFiles/CMakeTmp'


Parsed C implicit link information from above output:
  link line regex: [^( *|.*[/\])(ld|([^/\]+-)?ld|collect2)[^/\]*( |$)]
  ignore line: [Change Dir: /home/space/Projects/KnotDisentangler2/build/CMakeFiles/CMakeTmp]
  ignore line: []
  ignore line: [Run Build Command:"/bin/gmake" "cmTryCompileExec165027711/fast"]
  ignore line: [/bin/gmake -f CMakeFiles/cmTryCompileExec165027711.dir/build.make CMakeFiles/cmTryCompileExec165027711.dir/build]
  ignore line: [gmake[1]: Entering directory '/home/space/Projects/KnotDisentangler2/build/CMakeFiles/CMakeTmp']
  ignore line: [/usr/bin/cmake -E cmake_progress_report /home/space/Projects/KnotDisentangler2/build/CMakeFiles/CMakeTmp/CMakeFiles 1]
  ignore line: [Building C object CMakeFiles/cmTryCompileExec165027711.dir/CMakeCCompilerABI.c.o]
  ignore line: [/bin/cc    -o CMakeFiles/cmTryCompileExec165027711.dir/CMakeCCompilerABI.c.o   -c /usr/share/cmake/Modules/CMakeCCompilerABI.c]
  ignore line: [Linking C executable cmTryCompileExec165027711]
  ignore line: [/usr/bin/cmake -E cmake_link_script CMakeFiles/cmTryCompileExec165027711.dir/link.txt --verbose=1]
  ignore line: [/bin/cc     -v CMakeFiles/cmTryCompileExec165027711.dir/CMakeCCompilerABI.c.o  -o cmTryCompileExec165027711 -rdynamic  ]
  ignore line: [Using built-in specs.]
  ignore line: [COLLECT_GCC=/bin/cc]
  ignore line: [COLLECT_LTO_WRAPPER=/usr/libexec/gcc/x86_64-redhat-linux/4.9.2/lto-wrapper]
  ignore line: [Target: x86_64-redhat-linux]
  ignore line: [Configured with: ../configure --prefix=/usr --mandir=/usr/share/man --infodir=/usr/share/info --with-bugurl=http://bugzilla.redhat.com/bugzilla --enable-bootstrap --enable-shared --enable-threads=posix --enable-checking=release --enable-multilib --with-system-zlib --enable-__cxa_atexit --disable-libunwind-exceptions --enable-gnu-unique-object --enable-linker-build-id --with-linker-hash-style=gnu --enable-languages=c,c++,objc,obj-c++,fortran,ada,go,lto --enable-plugin --enable-initfini-array --disable-libgcj --with-isl=/builddir/build/BUILD/gcc-4.9.2-20150212/obj-x86_64-redhat-linux/isl-install --with-cloog=/builddir/build/BUILD/gcc-4.9.2-20150212/obj-x86_64-redhat-linux/cloog-install --enable-gnu-indirect-function --with-tune=generic --with-arch_32=i686 --build=x86_64-redhat-linux]
  ignore line: [Thread model: posix]
  ignore line: [gcc version 4.9.2 20150212 (Red Hat 4.9.2-6) (GCC) ]
  ignore line: [COMPILER_PATH=/usr/libexec/gcc/x86_64-redhat-linux/4.9.2/:/usr/libexec/gcc/x86_64-redhat-linux/4.9.2/:/usr/libexec/gcc/x86_64-redhat-linux/:/usr/lib/gcc/x86_64-redhat-linux/4.9.2/:/usr/lib/gcc/x86_64-redhat-linux/]
  ignore line: [LIBRARY_PATH=/usr/lib/gcc/x86_64-redhat-linux/4.9.2/:/usr/lib/gcc/x86_64-redhat-linux/4.9.2/../../../../lib64/:/lib/../lib64/:/usr/lib/../lib64/:/usr/lib/gcc/x86_64-redhat-linux/4.9.2/../../../:/lib/:/usr/lib/]
  ignore line: [COLLECT_GCC_OPTIONS='-v' '-o' 'cmTryCompileExec165027711' '-rdynamic' '-mtune=generic' '-march=x86-64']
  link line: [ /usr/libexec/gcc/x86_64-redhat-linux/4.9.2/collect2 -plugin /usr/libexec/gcc/x86_64-redhat-linux/4.9.2/liblto_plugin.so -plugin-opt=/usr/libexec/gcc/x86_64-redhat-linux/4.9.2/lto-wrapper -plugin-opt=-fresolution=/tmp/ccXzAVsM.res -plugin-opt=-pass-through=-lgcc -plugin-opt=-pass-through=-lgcc_s -plugin-opt=-pass-through=-lc -plugin-opt=-pass-through=-lgcc -plugin-opt=-pass-through=-lgcc_s --build-id --no-add-needed --eh-frame-hdr --hash-style=gnu -m elf_x86_64 -export-dynamic -dynamic-linker /lib64/ld-linux-x86-64.so.2 -o cmTryCompileExec165027711 /usr/lib/gcc/x86_64-redhat-linux/4.9.2/../../../../lib64/crt1.o /usr/lib/gcc/x86_64-redhat-linux/4.9.2/../../../../lib64/crti.o /usr/lib/gcc/x86_64-redhat-linux/4.9.2/crtbegin.o -L/usr/lib/gcc/x86_64-redhat-linux/4.9.2 -L/usr/lib/gcc/x86_64-redhat-linux/4.9.2/../../../../lib64 -L/lib/../lib64 -L/usr/lib/../lib64 -L/usr/lib/gcc/x86_64-redhat-linux/4.9.2/../../.. CMakeFiles/cmTryCompileExec165027711.dir/CMakeCCompilerABI.c.o -lgcc --as-needed -lgcc_s --no-as-needed -lc -lgcc --as-needed -lgcc_s --no-as-needed /usr/lib/gcc/x86_64-redhat-linux/4.9.2/crtend.o /usr/lib/gcc/x86_64-redhat-linux/4.9.2/../../../../lib64/crtn.o]
    arg [/usr/libexec/gcc/x86_64-redhat-linux/4.9.2/collect2] ==> ignore
    arg [-plugin] ==> ignore
    arg [/usr/libexec/gcc/x86_64-redhat-linux/4.9.2/liblto_plugin.so] ==> ignore
    arg [-plugin-opt=/usr/libexec/gcc/x86_64-redhat-linux/4.9.2/lto-wrapper] ==> ignore
    arg [-plugin-opt=-fresolution=/tmp/ccXzAVsM.res] ==> ignore
    arg [-plugin-opt=-pass-through=-lgcc] ==> ignore
    arg [-plugin-opt=-pass-through=-lgcc_s] ==> ignore
    arg [-plugin-opt=-pass-through=-lc] ==> ignore
    arg [-plugin-opt=-pass-through=-lgcc] ==> ignore
    arg [-plugin-opt=-pass-through=-lgcc_s] ==> ignore
    arg [--build-id] ==> ignore
    arg [--no-add-needed] ==> ignore
    arg [--eh-frame-hdr] ==> ignore
    arg [--hash-style=gnu] ==> ignore
    arg [-m] ==> ignore
    arg [elf_x86_64] ==> ignore
    arg [-export-dynamic] ==> ignore
    arg [-dynamic-linker] ==> ignore
    arg [/lib64/ld-linux-x86-64.so.2] ==> ignore
    arg [-o] ==> ignore
    arg [cmTryCompileExec165027711] ==> ignore
    arg [/usr/lib/gcc/x86_64-redhat-linux/4.9.2/../../../../lib64/crt1.o] ==> ignore
    arg [/usr/lib/gcc/x86_64-redhat-linux/4.9.2/../../../../lib64/crti.o] ==> ignore
    arg [/usr/lib/gcc/x86_64-redhat-linux/4.9.2/crtbegin.o] ==> ignore
    arg [-L/usr/lib/gcc/x86_64-redhat-linux/4.9.2] ==> dir [/usr/lib/gcc/x86_64-redhat-linux/4.9.2]
    arg [-L/usr/lib/gcc/x86_64-redhat-linux/4.9.2/../../../../lib64] ==> dir [/usr/lib/gcc/x86_64-redhat-linux/4.9.2/../../../../lib64]
    arg [-L/lib/../lib64] ==> dir [/lib/../lib64]
    arg [-L/usr/lib/../lib64] ==> dir [/usr/lib/../lib64]
    arg [-L/usr/lib/gcc/x86_64-redhat-linux/4.9.2/../../..] ==> dir [/usr/lib/gcc/x86_64-redhat-linux/4.9.2/../../..]
    arg [CMakeFiles/cmTryCompileExec165027711.dir/CMakeCCompilerABI.c.o] ==> ignore
    arg [-lgcc] ==> lib [gcc]
    arg [--as-needed] ==> ignore
    arg [-lgcc_s] ==> lib [gcc_s]
    arg [--no-as-needed] ==> ignore
    arg [-lc] ==> lib [c]
    arg [-lgcc] ==> lib [gcc]
    arg [--as-needed] ==> ignore
    arg [-lgcc_s] ==> lib [gcc_s]
    arg [--no-as-needed] ==> ignore
    arg [/usr/lib/gcc/x86_64-redhat-linux/4.9.2/crtend.o] ==> ignore
    arg [/usr/lib/gcc/x86_64-redhat-linux/4.9.2/../../../../lib64/crtn.o] ==> ignore
  remove lib [gcc]
  remove lib [gcc_s]
  remove lib [gcc]
  remove lib [gcc_s]
  collapse library dir [/usr/lib/gcc/x86_64-redhat-linux/4.9.2] ==> [/usr/lib/gcc/x86_64-redhat-linux/4.9.2]
  collapse library dir [/usr/lib/gcc/x86_64-redhat-linux/4.9.2/../../../../lib64] ==> [/usr/lib64]
  collapse library dir [/lib/../lib64] ==> [/lib64]
  collapse library dir [/usr/lib/../lib64] ==> [/usr/lib64]
  collapse library dir [/usr/lib/gcc/x86_64-redhat-linux/4.9.2/../../..] ==> [/usr/lib]
  implicit libs: [c]
  implicit dirs: [/usr/lib/gcc/x86_64-redhat-linux/4.9.2;/usr/lib64;/lib64;/usr/lib]
  implicit fwks: []


Determining if the CXX compiler works passed with the following output:
Change Dir: /home/space/Projects/KnotDisentangler2/build/CMakeFiles/CMakeTmp

Run Build Command:"/bin/gmake" "cmTryCompileExec45502187/fast"
/bin/gmake -f CMakeFiles/cmTryCompileExec45502187.dir/build.make CMakeFiles/cmTryCompileExec45502187.dir/build
gmake[1]: Entering directory '/home/space/Projects/KnotDisentangler2/build/CMakeFiles/CMakeTmp'
/usr/bin/cmake -E cmake_progress_report /home/space/Projects/KnotDisentangler2/build/CMakeFiles/CMakeTmp/CMakeFiles 1
Building CXX object CMakeFiles/cmTryCompileExec45502187.dir/testCXXCompiler.cxx.o
/bin/c++     -o CMakeFiles/cmTryCompileExec45502187.dir/testCXXCompiler.cxx.o -c /home/space/Projects/KnotDisentangler2/build/CMakeFiles/CMakeTmp/testCXXCompiler.cxx
Linking CXX executable cmTryCompileExec45502187
/usr/bin/cmake -E cmake_link_script CMakeFiles/cmTryCompileExec45502187.dir/link.txt --verbose=1
/bin/c++        CMakeFiles/cmTryCompileExec45502187.dir/testCXXCompiler.cxx.o  -o cmTryCompileExec45502187 -rdynamic 
gmake[1]: Leaving directory '/home/space/Projects/KnotDisentangler2/build/CMakeFiles/CMakeTmp'


Detecting CXX compiler ABI info compiled with the following output:
Change Dir: /home/space/Projects/KnotDisentangler2/build/CMakeFiles/CMakeTmp

Run Build Command:"/bin/gmake" "cmTryCompileExec4209721566/fast"
/bin/gmake -f CMakeFiles/cmTryCompileExec4209721566.dir/build.make CMakeFiles/cmTryCompileExec4209721566.dir/build
gmake[1]: Entering directory '/home/space/Projects/KnotDisentangler2/build/CMakeFiles/CMakeTmp'
/usr/bin/cmake -E cmake_progress_report /home/space/Projects/KnotDisentangler2/build/CMakeFiles/CMakeTmp/CMakeFiles 1
Building CXX object CMakeFiles/cmTryCompileExec4209721566.dir/CMakeCXXCompilerABI.cpp.o
/bin/c++     -o CMakeFiles/cmTryCompileExec4209721566.dir/CMakeCXXCompilerABI.cpp.o -c /usr/share/cmake/Modules/CMakeCXXCompilerABI.cpp
Linking CXX executable cmTryCompileExec4209721566
/usr/bin/cmake -E cmake_link_script CMakeFiles/cmTryCompileExec4209721566.dir/link.txt --verbose=1
/bin/c++      -v CMakeFiles/cmTryCompileExec4209721566.dir/CMakeCXXCompilerABI.cpp.o  -o cmTryCompileExec4209721566 -rdynamic  
Using built-in specs.
COLLECT_GCC=/bin/c++
COLLECT_LTO_WRAPPER=/usr/libexec/gcc/x86_64-redhat-linux/4.9.2/lto-wrapper
Target: x86_64-redhat-linux
Configured with: ../configure --prefix=/usr --mandir=/usr/share/man --infodir=/usr/share/info --with-bugurl=http://bugzilla.redhat.com/bugzilla --enable-bootstrap --enable-shared --enable-threads=posix --enable-checking=release --enable-multilib --with-system-zlib --enable-__cxa_atexit --disable-libunwind-exceptions --enable-gnu-unique-object --enable-linker-build-id --with-linker-hash-style=gnu --enable-languages=c,c++,objc,obj-c++,fortran,ada,go,lto --enable-plugin --enable-initfini-array --disable-libgcj --with-isl=/builddir/build/BUILD/gcc-4.9.2-20150212/obj-x86_64-redhat-linux/isl-install --with-cloog=/builddir/build/BUILD/gcc-4.9.2-20150212/obj-x86_64-redhat-linux/cloog-install --enable-gnu-indirect-function --with-tune=generic --with-arch_32=i686 --build=x86_64-redhat-linux
Thread model: posix
gcc version 4.9.2 20150212 (Red Hat 4.9.2-6) (GCC) 
COMPILER_PATH=/usr/libexec/gcc/x86_64-redhat-linux/4.9.2/:/usr/libexec/gcc/x86_64-redhat-linux/4.9.2/:/usr/libexec/gcc/x86_64-redhat-linux/:/usr/lib/gcc/x86_64-redhat-linux/4.9.2/:/usr/lib/gcc/x86_64-redhat-linux/
LIBRARY_PATH=/usr/lib/gcc/x86_64-redhat-linux/4.9.2/:/usr/lib/gcc/x86_64-redhat-linux/4.9.2/../../../../lib64/:/lib/../lib64/:/usr/lib/../lib64/:/usr/lib/gcc/x86_64-redhat-linux/4.9.2/../../../:/lib/:/usr/lib/
COLLECT_GCC_OPTIONS='-v' '-o' 'cmTryCompileExec4209721566' '-rdynamic' '-shared-libgcc' '-mtune=generic' '-march=x86-64'
 /usr/libexec/gcc/x86_64-redhat-linux/4.9.2/collect2 -plugin /usr/libexec/gcc/x86_64-redhat-linux/4.9.2/liblto_plugin.so -plugin-opt=/usr/libexec/gcc/x86_64-redhat-linux/4.9.2/lto-wrapper -plugin-opt=-fresolution=/tmp/ccY1IHG0.res -plugin-opt=-pass-through=-lgcc_s -plugin-opt=-pass-through=-lgcc -plugin-opt=-pass-through=-lc -plugin-opt=-pass-through=-lgcc_s -plugin-opt=-pass-through=-lgcc --build-id --no-add-needed --eh-frame-hdr --hash-style=gnu -m elf_x86_64 -export-dynamic -dynamic-linker /lib64/ld-linux-x86-64.so.2 -o cmTryCompileExec4209721566 /usr/lib/gcc/x86_64-redhat-linux/4.9.2/../../../../lib64/crt1.o /usr/lib/gcc/x86_64-redhat-linux/4.9.2/../../../../lib64/crti.o /usr/lib/gcc/x86_64-redhat-linux/4.9.2/crtbegin.o -L/usr/lib/gcc/x86_64-redhat-linux/4.9.2 -L/usr/lib/gcc/x86_64-redhat-linux/4.9.2/../../../../lib64 -L/lib/../lib64 -L/usr/lib/../lib64 -L/usr/lib/gcc/x86_64-redhat-linux/4.9.2/../../.. CMakeFiles/cmTryCompileExec4209721566.dir/CMakeCXXCompilerABI.cpp.o -lstdc++ -lm -lgcc_s -lgcc -lc -lgcc_s -lgcc /usr/lib/gcc/x86_64-redhat-linux/4.9.2/crtend.o /usr/lib/gcc/x86_64-redhat-linux/4.9.2/../../../../lib64/crtn.o
gmake[1]: Leaving directory '/home/space/Projects/KnotDisentangler2/build/CMakeFiles/CMakeTmp'


Parsed CXX implicit link information from above output:
  link line regex: [^( *|.*[/\])(ld|([^/\]+-)?ld|collect2)[^/\]*( |$)]
  ignore line: [Change Dir: /home/space/Projects/KnotDisentangler2/build/CMakeFiles/CMakeTmp]
  ignore line: []
  ignore line: [Run Build Command:"/bin/gmake" "cmTryCompileExec4209721566/fast"]
  ignore line: [/bin/gmake -f CMakeFiles/cmTryCompileExec4209721566.dir/build.make CMakeFiles/cmTryCompileExec4209721566.dir/build]
  ignore line: [gmake[1]: Entering directory '/home/space/Projects/KnotDisentangler2/build/CMakeFiles/CMakeTmp']
  ignore line: [/usr/bin/cmake -E cmake_progress_report /home/space/Projects/KnotDisentangler2/build/CMakeFiles/CMakeTmp/CMakeFiles 1]
  ignore line: [Building CXX object CMakeFiles/cmTryCompileExec4209721566.dir/CMakeCXXCompilerABI.cpp.o]
  ignore line: [/bin/c++     -o CMakeFiles/cmTryCompileExec4209721566.dir/CMakeCXXCompilerABI.cpp.o -c /usr/share/cmake/Modules/CMakeCXXCompilerABI.cpp]
  ignore line: [Linking CXX executable cmTryCompileExec4209721566]
  ignore line: [/usr/bin/cmake -E cmake_link_script CMakeFiles/cmTryCompileExec4209721566.dir/link.txt --verbose=1]
  ignore line: [/bin/c++      -v CMakeFiles/cmTryCompileExec4209721566.dir/CMakeCXXCompilerABI.cpp.o  -o cmTryCompileExec4209721566 -rdynamic  ]
  ignore line: [Using built-in specs.]
  ignore line: [COLLECT_GCC=/bin/c++]
  ignore line: [COLLECT_LTO_WRAPPER=/usr/libexec/gcc/x86_64-redhat-linux/4.9.2/lto-wrapper]
  ignore line: [Target: x86_64-redhat-linux]
  ignore line: [Configured with: ../configure --prefix=/usr --mandir=/usr/share/man --infodir=/usr/share/info --with-bugurl=http://bugzilla.redhat.com/bugzilla --enable-bootstrap --enable-shared --enable-threads=posix --enable-checking=release --enable-multilib --with-system-zlib --enable-__cxa_atexit --disable-libunwind-exceptions --enable-gnu-unique-object --enable-linker-build-id --with-linker-hash-style=gnu --enable-languages=c,c++,objc,obj-c++,fortran,ada,go,lto --enable-plugin --enable-initfini-array --disable-libgcj --with-isl=/builddir/build/BUILD/gcc-4.9.2-20150212/obj-x86_64-redhat-linux/isl-install --with-cloog=/builddir/build/BUILD/gcc-4.9.2-20150212/obj-x86_64-redhat-linux/cloog-install --enable-gnu-indirect-function --with-tune=generic --with-arch_32=i686 --build=x86_64-redhat-linux]
  ignore line: [Thread model: posix]
  ignore line: [gcc version 4.9.2 20150212 (Red Hat 4.9.2-6) (GCC) ]
  ignore line: [COMPILER_PATH=/usr/libexec/gcc/x86_64-redhat-linux/4.9.2/:/usr/libexec/gcc/x86_64-redhat-linux/4.9.2/:/usr/libexec/gcc/x86_64-redhat-linux/:/usr/lib/gcc/x86_64-redhat-linux/4.9.2/:/usr/lib/gcc/x86_64-redhat-linux/]
  ignore line: [LIBRARY_PATH=/usr/lib/gcc/x86_64-redhat-linux/4.9.2/:/usr/lib/gcc/x86_64-redhat-linux/4.9.2/../../../../lib64/:/lib/../lib64/:/usr/lib/../lib64/:/usr/lib/gcc/x86_64-redhat-linux/4.9.2/../../../:/lib/:/usr/lib/]
  ignore line: [COLLECT_GCC_OPTIONS='-v' '-o' 'cmTryCompileExec4209721566' '-rdynamic' '-shared-libgcc' '-mtune=generic' '-march=x86-64']
  link line: [ /usr/libexec/gcc/x86_64-redhat-linux/4.9.2/collect2 -plugin /usr/libexec/gcc/x86_64-redhat-linux/4.9.2/liblto_plugin.so -plugin-opt=/usr/libexec/gcc/x86_64-redhat-linux/4.9.2/lto-wrapper -plugin-opt=-fresolution=/tmp/ccY1IHG0.res -plugin-opt=-pass-through=-lgcc_s -plugin-opt=-pass-through=-lgcc -plugin-opt=-pass-through=-lc -plugin-opt=-pass-through=-lgcc_s -plugin-opt=-pass-through=-lgcc --build-id --no-add-needed --eh-frame-hdr --hash-style=gnu -m elf_x86_64 -export-dynamic -dynamic-linker /lib64/ld-linux-x86-64.so.2 -o cmTryCompileExec4209721566 /usr/lib/gcc/x86_64-redhat-linux/4.9.2/../../../../lib64/crt1.o /usr/lib/gcc/x86_64-redhat-linux/4.9.2/../../../../lib64/crti.o /usr/lib/gcc/x86_64-redhat-linux/4.9.2/crtbegin.o -L/usr/lib/gcc/x86_64-redhat-linux/4.9.2 -L/usr/lib/gcc/x86_64-redhat-linux/4.9.2/../../../../lib64 -L/lib/../lib64 -L/usr/lib/../lib64 -L/usr/lib/gcc/x86_64-redhat-linux/4.9.2/../../.. CMakeFiles/cmTryCompileExec4209721566.dir/CMakeCXXCompilerABI.cpp.o -lstdc++ -lm -lgcc_s -lgcc -lc -lgcc_s -lgcc /usr/lib/gcc/x86_64-redhat-linux/4.9.2/crtend.o /usr/lib/gcc/x86_64-redhat-linux/4.9.2/../../../../lib64/crtn.o]
    arg [/usr/libexec/gcc/x86_64-redhat-linux/4.9.2/collect2] ==> ignore
    arg [-plugin] ==> ignore
    arg [/usr/libexec/gcc/x86_64-redhat-linux/4.9.2/liblto_plugin.so] ==> ignore
    arg [-plugin-opt=/usr/libexec/gcc/x86_64-redhat-linux/4.9.2/lto-wrapper] ==> ignore
    arg [-plugin-opt=-fresolution=/tmp/ccY1IHG0.res] ==> ignore
    arg [-plugin-opt=-pass-through=-lgcc_s] ==> ignore
    arg [-plugin-opt=-pass-through=-lgcc] ==> ignore
    arg [-plugin-opt=-pass-through=-lc] ==> ignore
    arg [-plugin-opt=-pass-through=-lgcc_s] ==> ignore
    arg [-plugin-opt=-pass-through=-lgcc] ==> ignore
    arg [--build-id] ==> ignore
    arg [--no-add-needed] ==> ignore
    arg [--eh-frame-hdr] ==> ignore
    arg [--hash-style=gnu] ==> ignore
    arg [-m] ==> ignore
    arg [elf_x86_64] ==> ignore
    arg [-export-dynamic] ==> ignore
    arg [-dynamic-linker] ==> ignore
    arg [/lib64/ld-linux-x86-64.so.2] ==> ignore
    arg [-o] ==> ignore
    arg [cmTryCompileExec4209721566] ==> ignore
    arg [/usr/lib/gcc/x86_64-redhat-linux/4.9.2/../../../../lib64/crt1.o] ==> ignore
    arg [/usr/lib/gcc/x86_64-redhat-linux/4.9.2/../../../../lib64/crti.o] ==> ignore
    arg [/usr/lib/gcc/x86_64-redhat-linux/4.9.2/crtbegin.o] ==> ignore
    arg [-L/usr/lib/gcc/x86_64-redhat-linux/4.9.2] ==> dir [/usr/lib/gcc/x86_64-redhat-linux/4.9.2]
    arg [-L/usr/lib/gcc/x86_64-redhat-linux/4.9.2/../../../../lib64] ==> dir [/usr/lib/gcc/x86_64-redhat-linux/4.9.2/../../../../lib64]
    arg [-L/lib/../lib64] ==> dir [/lib/../lib64]
    arg [-L/usr/lib/../lib64] ==> dir [/usr/lib/../lib64]
    arg [-L/usr/lib/gcc/x86_64-redhat-linux/4.9.2/../../..] ==> dir [/usr/lib/gcc/x86_64-redhat-linux/4.9.2/../../..]
    arg [CMakeFiles/cmTryCompileExec4209721566.dir/CMakeCXXCompilerABI.cpp.o] ==> ignore
    arg [-lstdc++] ==> lib [stdc++]
    arg [-lm] ==> lib [m]
    arg [-lgcc_s] ==> lib [gcc_s]
    arg [-lgcc] ==> lib [gcc]
    arg [-lc] ==> lib [c]
    arg [-lgcc_s] ==> lib [gcc_s]
    arg [-lgcc] ==> lib [gcc]
    arg [/usr/lib/gcc/x86_64-redhat-linux/4.9.2/crtend.o] ==> ignore
    arg [/usr/lib/gcc/x86_64-redhat-linux/4.9.2/../../../../lib64/crtn.o] ==> ignore
  remove lib [gcc_s]
  remove lib [gcc]
  remove lib [gcc_s]
  remove lib [gcc]
  collapse library dir [/usr/lib/gcc/x86_64-redhat-linux/4.9.2] ==> [/usr/lib/gcc/x86_64-redhat-linux/4.9.2]
  collapse library dir [/usr/lib/gcc/x86_64-redhat-linux/4.9.2/../../../../lib64] ==> [/usr/lib64]
  collapse library dir [/lib/../lib64] ==> [/lib64]
  collapse library dir [/usr/lib/../lib64] ==> [/usr/lib64]
  collapse library dir [/usr/lib/gcc/x86_64-redhat-linux/4.9.2/../../..] ==> [/usr/lib]
  implicit libs: [stdc++;m;c]
  implicit dirs: [/usr/lib/gcc/x86_64-redhat-linux/4.9.2;/usr/lib64;/lib64;/usr/lib]
  implicit fwks: []


Determining if the Q_WS_X11 exist passed with the following output:
Change Dir: /home/space/Projects/KnotDisentangler2/build/CMakeFiles/CMakeTmp

Run Build Command:"/bin/gmake" "cmTryCompileExec3182262190/fast"
/bin/gmake -f CMakeFiles/cmTryCompileExec3182262190.dir/build.make CMakeFiles/cmTryCompileExec3182262190.dir/build
gmake[1]: Entering directory '/home/space/Projects/KnotDisentangler2/build/CMakeFiles/CMakeTmp'
/usr/bin/cmake -E cmake_progress_report /home/space/Projects/KnotDisentangler2/build/CMakeFiles/CMakeTmp/CMakeFiles 1
Building CXX object CMakeFiles/cmTryCompileExec3182262190.dir/CheckSymbolExists.cxx.o
/bin/c++     -o CMakeFiles/cmTryCompileExec3182262190.dir/CheckSymbolExists.cxx.o -c /home/space/Projects/KnotDisentangler2/build/CMakeFiles/CMakeTmp/CheckSymbolExists.cxx
Linking CXX executable cmTryCompileExec3182262190
/usr/bin/cmake -E cmake_link_script CMakeFiles/cmTryCompileExec3182262190.dir/link.txt --verbose=1
/bin/c++        CMakeFiles/cmTryCompileExec3182262190.dir/CheckSymbolExists.cxx.o  -o cmTryCompileExec3182262190 -rdynamic 
gmake[1]: Leaving directory '/home/space/Projects/KnotDisentangler2/build/CMakeFiles/CMakeTmp'

File /home/space/Projects/KnotDisentangler2/build/CMakeFiles/CMakeTmp/CheckSymbolExists.cxx:
/* */
#include <QtCore/qglobal.h>

int main(int argc, char** argv)
{
  (void)argv;
#ifndef Q_WS_X11
  return ((int*)(&Q_WS_X11))[argc];
#else
  (void)argc;
  return 0;
#endif
}

